Extension found: css - /wp-content/plugins/waitlist-woocommerce-premium/xoo-form-fields-fw/assets/css/xoo-aff-style.css
Extension found: css - /wp-content/plugins/waitlist-woocommerce-premium/xoo-form-fields-fw/countries/flags.css
Extension found: css - /wp-content/plugins/g-business-reviews-rating/wp/css/css.css
Extension found: css - /wp-content/plugins/waitlist-woocommerce-premium/assets/css/xoo-wl-style.css
Extension found: css - /wp-content/plugins/waitlist-woocommerce-premium/assets/css/xoo-wl-fonts.css
Extension found: css - /wp-content/themes/flatsome/inc/integrations/wc-extra-product-options/extra-product-options.css
Extension found: css - /wp-content/themes/flatsome/inc/integrations/wc-yith-wishlist/wishlist.css
Extension found: css - /wp-content/themes/flatsome/assets/css/flatsome.css
Extension found: css - /wp-content/themes/flatsome/assets/css/flatsome-shop.css
Extension found: css - /wp-content/themes/flatsome-child/style.css
Extension found: css - /wp-content/plugins/woocommerce/assets/client/blocks/wc-blocks.css
Extension found: js - /wp-includes/js/jquery/jquery.min.js
Extension found: js - /wp-includes/js/jquery/jquery-migrate.min.js
Extension found: js - /wp-content/plugins/g-business-reviews-rating/wp/js/js.js
Extension found: js - /wp-content/plugins/woocommerce/assets/js/jquery-blockui/jquery.blockUI.min.js
Extension found: js - /wp-content/plugins/woocommerce/assets/js/js-cookie/js.cookie.min.js
Extension found: js - /wp-content/plugins/pixelyoursite-pro/dist/scripts/js.cookie-2.1.3.min.js
Extension found: js - /wp-content/plugins/pixelyoursite-pro/dist/scripts/jquery.bind-first-0.2.3.min.js
Extension found: js - /wp-content/plugins/pixelyoursite-pro/dist/scripts/public.js
Extension found: js - /wp-content/plugins/pixelyoursite-pinterest/dist/scripts/public.js
Extension found: js - /wp-content/plugins/pixelyoursite-pro/dist/scripts/vimeo.min.js
Extension found: js - /wp-content/plugins/woocommerce-quantity-manager/assets/js/wqm-frontend.js
Extension found: png - /wp-content/uploads/2024/06/Header-doe-het-zelf-pakketten-Houtje-Touwtje.png
Extension found: png - /wp-content/uploads/2022/02/FooterHoutjeTouwtje.png
Extension found: js - /wp-content/plugins/waitlist-woocommerce-premium/xoo-form-fields-fw/assets/js/xoo-aff-js.js
Extension found: js - /wp-content/plugins/waitlist-woocommerce-premium/assets/js/xoo-wl-js.js
Extension found: js - /wp-content/plugins/woocommerce/assets/js/frontend/woocommerce.min.js
Extension found: js - /wp-content/plugins/woocommerce/assets/js/sourcebuster/sourcebuster.min.js
Extension found: js - /wp-content/plugins/woocommerce/assets/js/frontend/order-attribution.min.js
Extension found: js - /wp-content/plugins/gtm-server-side/assets/js/javascript.js
Extension found: js - /wp-content/plugins/mailchimp-for-woocommerce/public/js/mailchimp-woocommerce-public.min.js
Extension found: js - /wp-includes/js/hoverIntent.min.js
Extension found: js - /wp-content/themes/flatsome/assets/js/flatsome.js
Extension found: js - /wp-content/themes/flatsome/inc/integrations/wc-yith-wishlist/wishlist.js
Extension found: js - /wp-content/themes/flatsome/inc/extensions/flatsome-live-search/flatsome-live-search.js
Extension found: js - /wp-content/themes/flatsome/inc/extensions/flatsome-lazy-load/flatsome-lazy-load.js
Extension found: js - /wp-content/themes/flatsome/assets/js/woocommerce.js
Extension found: js - /wp-content/plugins/yith-woocommerce-wishlist/assets/js/jquery.selectBox.min.js
Extension found: js - /wp-content/plugins/woocommerce/assets/js/prettyPhoto/jquery.prettyPhoto.min.js
Extension found: js - /wp-content/plugins/yith-woocommerce-wishlist/assets/js/jquery.yith-wcwl.min.js
Extension found: js - /wp-content/plugins/woocommerce/assets/js/frontend/add-to-cart.min.js
Extension found: svg - /wp-content/uploads/2021/10/HOUTJE-TOUWTJE_headernew.svg
Extension found: woff2 - /wp-content/themes/flatsome/assets/css/icons/fl-icons.woff2
Extension found: ttf - /wp-content/themes/flatsome/assets/css/icons/fl-icons.ttf
Extension found: jpeg - /wp-content/uploads/2022/09/Email-notification.jpeg
Extension found: woff - /wp-content/themes/flatsome/assets/css/icons/fl-icons.woff
Extension found: js - /wp-content/plugins/woocommerce/assets/js/frontend/cart-fragments.min.js
Extension found: js - /wp-includes/js/jquery/jquery.min.js
Extension found: js - /wp-includes/js/jquery/jquery-migrate.min.js
Extension found: png - /wp-content/uploads/2021/07/ms-icon-310x310-1-100x100.png
Extension found: js - /wp-content/plugins/g-business-reviews-rating/wp/js/js.js
Extension found: png - /wp-content/uploads/2021/07/ms-icon-310x310-1-225x225.png
Extension found: js - /wp-content/plugins/woocommerce/assets/js/jquery-blockui/jquery.blockUI.min.js
Extension found: js - /wp-content/plugins/woocommerce/assets/js/js-cookie/js.cookie.min.js
Extension found: js - /wp-content/plugins/pixelyoursite-pro/dist/scripts/js.cookie-2.1.3.min.js
Extension found: js - /wp-content/plugins/pixelyoursite-pro/dist/scripts/jquery.bind-first-0.2.3.min.js
Extension found: js - /wp-content/plugins/pixelyoursite-pro/dist/scripts/public.js
Extension found: js - /wp-content/plugins/pixelyoursite-pinterest/dist/scripts/public.js
Extension found: js - /wp-content/plugins/pixelyoursite-pro/dist/scripts/vimeo.min.js
Extension found: js - /wp-content/plugins/woocommerce-quantity-manager/assets/js/wqm-frontend.js
Extension found: js - /wp-content/plugins/waitlist-woocommerce-premium/xoo-form-fields-fw/assets/js/xoo-aff-js.js
Extension found: js - /wp-content/plugins/waitlist-woocommerce-premium/assets/js/xoo-wl-js.js
Extension found: js - /wp-content/plugins/woocommerce/assets/js/frontend/woocommerce.min.js
Extension found: js - /wp-content/plugins/woocommerce/assets/js/sourcebuster/sourcebuster.min.js
Extension found: js - /wp-content/plugins/woocommerce/assets/js/frontend/order-attribution.min.js
Extension found: js - /wp-content/plugins/gtm-server-side/assets/js/javascript.js
Extension found: js - /wp-content/plugins/mailchimp-for-woocommerce/public/js/mailchimp-woocommerce-public.min.js
Extension found: js - /wp-includes/js/hoverIntent.min.js
Extension found: js - /wp-content/themes/flatsome/assets/js/flatsome.js
Extension found: js - /wp-content/themes/flatsome/inc/integrations/wc-yith-wishlist/wishlist.js
Extension found: js - /wp-content/themes/flatsome/inc/extensions/flatsome-live-search/flatsome-live-search.js
Extension found: js - /wp-content/themes/flatsome/inc/extensions/flatsome-lazy-load/flatsome-lazy-load.js
Extension found: js - /wp-content/themes/flatsome/assets/js/woocommerce.js
Extension found: js - /wp-content/plugins/yith-woocommerce-wishlist/assets/js/jquery.selectBox.min.js
Extension found: js - /wp-content/plugins/woocommerce/assets/js/prettyPhoto/jquery.prettyPhoto.min.js
Extension found: js - /wp-content/plugins/yith-woocommerce-wishlist/assets/js/jquery.yith-wcwl.min.js
